<?xml version="1.0" encoding="UTF-8"?>
<!-- Generated by org.testng.reporters.JUnitReportReporter -->
<testsuite skipped="0" hostname="LAPTOP-BUU58E1V" name="endtoEnd_TestCases.Endtoendtest01_Enterdataallpage" tests="1" failures="0" timestamp="2021-04-15T22:36:30 EDT" time="61.101" errors="0">
  <testcase name="enterdataintoInsuranceforHonda" time="61.101" classname="endtoEnd_TestCases.Endtoendtest01_Enterdataallpage"/>
  <system-out/>
</testsuite> <!-- endtoEnd_TestCases.Endtoendtest01_Enterdataallpage -->
